<?xml version="1.0" encoding="UTF-8"?>
<!-- Generated by org.testng.reporters.JUnitXMLReporter -->
<testsuite ignored="0" hostname="SatwikaRajkumar" failures="0" tests="7" name="Test" time="107.647" errors="0" timestamp="2025-03-26T10:12:57 IST">
  <testcase classname="io.cucumber.testng.AbstractTestNGCucumberTests" name="runScenario" time="17.593"/>
  <testcase classname="Testcases.LoginPageTestcase" name="LoginPageMethod" time="12.959"/>
  <testcase classname="Testcases.CartPageTestcase" name="Tc1" time="8.664"/>
  <testcase classname="Testcases.AddingMultipleElementsTestcase" name="Tc1" time="11.452"/>
  <testcase classname="Testcases.CheckOutPageTestcase" name="Tc1" time="6.129"/>
  <testcase classname="Testcases.CheckOutPageTestcase" name="checkout" time="4.882"/>
  <testcase classname="Testcases.LoginInvalidData" name="LoginInvalid" time="6.365"/>
</testsuite> <!-- Test -->
