<?xml version="1.0" encoding="UTF-8"?>
<!-- Generated by org.testng.reporters.JUnitXMLReporter -->
<testsuite ignored="0" hostname="SatwikaRajkumar" failures="0" tests="4" name="Test" time="60.407" errors="0" timestamp="2025-03-22T13:51:56 IST">
  <testcase classname="Testcases.SignUpPageTestcase" name="SignUpPageMethod" time="3.154"/>
  <testcase classname="Testcases.LoginPageTestcase" name="LoginPageMethod" time="15.722"/>
  <testcase classname="Testcases.CartPageTestcase" name="Tc1" time="6.945"/>
  <testcase classname="io.cucumber.testng.AbstractTestNGCucumberTests" name="runScenario" time="10.794"/>
</testsuite> <!-- Test -->
