<?xml version="1.0" encoding="UTF-8"?>
<testng-results ignored="0" total="1" passed="1" failed="0" skipped="0">
  <reporter-output>
  </reporter-output>
  <suite started-at="2025-03-25T13:37:30 IST" name="Suite" finished-at="2025-03-25T13:37:48 IST" duration-ms="18145">
    <groups>
    </groups>
    <test started-at="2025-03-25T13:37:30 IST" name="Test" finished-at="2025-03-25T13:37:48 IST" duration-ms="18145">
      <class name="Testcases.AddingMultipleElementsTestcase">
        <test-method is-config="true" signature="setup(java.lang.String)[pri:0, instance:Testcases.AddingMultipleElementsTestcase@2438dcd]" started-at="2025-03-25T13:37:30 IST" name="setup" finished-at="2025-03-25T13:37:34 IST" duration-ms="4286" status="PASS">
          <params>
            <param index="0">
              <value>
                <![CDATA[chrome]]>
              </value>
            </param>
          </params>
          <reporter-output>
          </reporter-output>
        </test-method> <!-- setup -->
        <test-method signature="Tc1()[pri:0, instance:Testcases.AddingMultipleElementsTestcase@2438dcd]" started-at="2025-03-25T13:37:34 IST" name="Tc1" finished-at="2025-03-25T13:37:43 IST" duration-ms="9228" status="PASS">
          <reporter-output>
          </reporter-output>
        </test-method> <!-- Tc1 -->
        <test-method is-config="true" signature="traedown()[pri:0, instance:Testcases.AddingMultipleElementsTestcase@2438dcd]" started-at="2025-03-25T13:37:44 IST" name="traedown" finished-at="2025-03-25T13:37:48 IST" duration-ms="4244" status="PASS">
          <reporter-output>
          </reporter-output>
        </test-method> <!-- traedown -->
      </class> <!-- Testcases.AddingMultipleElementsTestcase -->
    </test> <!-- Test -->
  </suite> <!-- Suite -->
</testng-results>
